<?xml version="1.0" encoding="UTF-8"?>
<!-- Generated by org.testng.reporters.JUnitReportReporter -->
<testsuite hostname="LAPTOP-MRVI2C8P" name="test.DropDownTest" tests="1" failures="0" timestamp="11 Feb 2023 19:24:06 GMT" time="2.711" errors="0">
  <testcase name="validateDropDownMenue" time="2.711" classname="test.DropDownTest"/>
</testsuite> <!-- test.DropDownTest -->
